build/app/intermediates/manifest_merge_blame_file/release/processReleaseMainManifest/manifest-merger-blame-release-report.txt
1<?xml version="1.0" encoding="utf-8"?>
2<manifest xmlns:android="http://schemas.android.com/apk/res/android"
3    package="com.dhina.dhina"
4    android:versionCode="34"
5    android:versionName="6.0.1" >
6
7    <uses-sdk
8        android:minSdkVersion="23"
9        android:targetSdkVersion="35" />
10
11    <uses-permission android:name="android.permission.INTERNET" />
11-->src\main\AndroidManifest.xml:5:5-67
11-->src\main\AndroidManifest.xml:5:22-64
12    <uses-permission android:name="com.google.android.gms.permission.AD_ID" />
12-->src\main\AndroidManifest.xml:6:5-79
12-->src\main\AndroidManifest.xml:6:22-76
13    <!-- <uses-permission android:name="com.android.vending.BILLING" /> -->
14    <uses-permission android:name="android.permission.VIBRATE" />
14-->src\main\AndroidManifest.xml:8:5-66
14-->src\main\AndroidManifest.xml:8:22-63
15
16    <!-- URL Lanucher -->
17    <queries>
17-->src\main\AndroidManifest.xml:13:5-24:15
18
19        <!-- If your app opens https URLs -->
20        <intent>
20-->src\main\AndroidManifest.xml:15:9-18:18
21            <action android:name="android.intent.action.VIEW" />
21-->src\main\AndroidManifest.xml:16:13-65
21-->src\main\AndroidManifest.xml:16:21-62
22
23            <data android:scheme="https" />
23-->src\main\AndroidManifest.xml:17:13-44
23-->src\main\AndroidManifest.xml:17:19-41
24        </intent>
25        <!-- If your app open emails -->
26        <intent>
26-->src\main\AndroidManifest.xml:20:9-23:18
27            <action android:name="android.intent.action.SEND" />
27-->src\main\AndroidManifest.xml:21:13-65
27-->src\main\AndroidManifest.xml:21:21-62
28
29            <data android:mimeType="*/*" />
29-->src\main\AndroidManifest.xml:17:13-44
29-->src\main\AndroidManifest.xml:22:19-41
30        </intent>
31        <intent>
31-->[com.android.billingclient:billing:6.2.0] AndroidManifest.xml:13:9-15:18
32            <action android:name="com.android.vending.billing.InAppBillingService.BIND" />
32-->[com.android.billingclient:billing:6.2.0] AndroidManifest.xml:14:13-91
32-->[com.android.billingclient:billing:6.2.0] AndroidManifest.xml:14:21-88
33        </intent>
34        <intent>
34-->[androidx.media2:media2-session:1.2.1] AndroidManifest.xml:25:9-27:18
35            <action android:name="android.media.browse.MediaBrowserService" />
35-->[androidx.media2:media2-session:1.2.1] AndroidManifest.xml:26:13-79
35-->[androidx.media2:media2-session:1.2.1] AndroidManifest.xml:26:21-76
36        </intent>
37        <intent>
37-->[androidx.media2:media2-session:1.2.1] AndroidManifest.xml:28:9-30:18
38            <action android:name="androidx.media2.session.MediaSessionService" />
38-->[androidx.media2:media2-session:1.2.1] AndroidManifest.xml:29:13-82
38-->[androidx.media2:media2-session:1.2.1] AndroidManifest.xml:29:21-79
39        </intent>
40        <intent>
40-->[androidx.media2:media2-session:1.2.1] AndroidManifest.xml:31:9-33:18
41            <action android:name="androidx.media2.session.MediaLibraryService" />
41-->[androidx.media2:media2-session:1.2.1] AndroidManifest.xml:32:13-82
41-->[androidx.media2:media2-session:1.2.1] AndroidManifest.xml:32:21-79
42        </intent>
43    </queries>
44    <!--
45    Required to query activities that can process text, see:
46         https://developer.android.com/training/package="com.dhina.dhina">
47         https://developer.android.com/reference/android/content/Intent#ACTION_PROCESS_TEXT.
48
49    In particular, this is used by the Flutter engine in io.flutter.plugin.text.ProcessTextPlugin.
50    -->
51    <queries>
51-->src\main\AndroidManifest.xml:13:5-24:15
52        <intent>
52-->src\main\AndroidManifest.xml:89:9-92:18
53            <action android:name="android.intent.action.PROCESS_TEXT" />
53-->src\main\AndroidManifest.xml:90:13-73
53-->src\main\AndroidManifest.xml:90:21-70
54
55            <data android:mimeType="text/plain" />
55-->src\main\AndroidManifest.xml:17:13-44
55-->src\main\AndroidManifest.xml:22:19-41
56        </intent>
57    </queries>
58
59    <uses-permission android:name="android.permission.ACCESS_NETWORK_STATE" />
59-->[:firebase_analytics] AndroidManifest.xml:7:5-79
59-->[:firebase_analytics] AndroidManifest.xml:7:22-76
60    <uses-permission android:name="android.permission.WAKE_LOCK" />
60-->[:firebase_analytics] AndroidManifest.xml:9:5-68
60-->[:firebase_analytics] AndroidManifest.xml:9:22-65
61    <uses-permission android:name="com.android.vending.BILLING" /> <!-- Required by older versions of Google Play services to create IID tokens -->
61-->[com.android.billingclient:billing:6.2.0] AndroidManifest.xml:10:5-67
61-->[com.android.billingclient:billing:6.2.0] AndroidManifest.xml:10:22-64
62    <uses-permission android:name="com.google.android.c2dm.permission.RECEIVE" />
62-->[com.google.firebase:firebase-messaging:24.0.3] AndroidManifest.xml:26:5-82
62-->[com.google.firebase:firebase-messaging:24.0.3] AndroidManifest.xml:26:22-79
63    <uses-permission android:name="android.permission.ACCESS_ADSERVICES_ATTRIBUTION" />
63-->[com.google.android.gms:play-services-measurement-api:22.1.2] AndroidManifest.xml:26:5-88
63-->[com.google.android.gms:play-services-measurement-api:22.1.2] AndroidManifest.xml:26:22-85
64    <uses-permission android:name="android.permission.ACCESS_ADSERVICES_AD_ID" />
64-->[com.google.android.gms:play-services-measurement-api:22.1.2] AndroidManifest.xml:27:5-82
64-->[com.google.android.gms:play-services-measurement-api:22.1.2] AndroidManifest.xml:27:22-79
65    <uses-permission android:name="com.google.android.providers.gsf.permission.READ_GSERVICES" />
65-->[com.google.android.recaptcha:recaptcha:18.5.1] AndroidManifest.xml:9:5-98
65-->[com.google.android.recaptcha:recaptcha:18.5.1] AndroidManifest.xml:9:22-95
66    <uses-permission android:name="com.google.android.finsky.permission.BIND_GET_INSTALL_REFERRER_SERVICE" />
66-->[com.google.android.gms:play-services-measurement:22.1.2] AndroidManifest.xml:26:5-110
66-->[com.google.android.gms:play-services-measurement:22.1.2] AndroidManifest.xml:26:22-107
67
68    <permission
68-->[androidx.core:core:1.13.1] AndroidManifest.xml:22:5-24:47
69        android:name="com.dhina.dhina.DYNAMIC_RECEIVER_NOT_EXPORTED_PERMISSION"
69-->[androidx.core:core:1.13.1] AndroidManifest.xml:23:9-81
70        android:protectionLevel="signature" />
70-->[androidx.core:core:1.13.1] AndroidManifest.xml:24:9-44
71
72    <uses-permission android:name="com.dhina.dhina.DYNAMIC_RECEIVER_NOT_EXPORTED_PERMISSION" />
72-->[androidx.core:core:1.13.1] AndroidManifest.xml:26:5-97
72-->[androidx.core:core:1.13.1] AndroidManifest.xml:26:22-94
73
74    <application
75        android:name="android.app.Application"
75-->src\main\AndroidManifest.xml:29:9-42
76        android:appComponentFactory="androidx.core.app.CoreComponentFactory"
76-->[androidx.core:core:1.13.1] AndroidManifest.xml:28:18-86
77        android:extractNativeLibs="false"
78        android:icon="@mipmap/launcher_icon"
78-->src\main\AndroidManifest.xml:30:9-45
79        android:label="Namdhinamathi News"
79-->src\main\AndroidManifest.xml:28:9-43
80        android:usesCleartextTraffic="true" >
80-->src\main\AndroidManifest.xml:31:9-44
81        <activity
81-->src\main\AndroidManifest.xml:32:9-58:20
82            android:name="com.dhina.dhina.MainActivity"
82-->src\main\AndroidManifest.xml:33:13-41
83            android:configChanges="orientation|keyboardHidden|keyboard|screenSize|smallestScreenSize|locale|layoutDirection|fontScale|screenLayout|density|uiMode"
83-->src\main\AndroidManifest.xml:37:13-163
84            android:exported="true"
84-->src\main\AndroidManifest.xml:34:13-36
85            android:hardwareAccelerated="true"
85-->src\main\AndroidManifest.xml:38:13-47
86            android:launchMode="singleTop"
86-->src\main\AndroidManifest.xml:35:13-43
87            android:theme="@style/LaunchTheme"
87-->src\main\AndroidManifest.xml:36:13-47
88            android:windowSoftInputMode="adjustResize" >
88-->src\main\AndroidManifest.xml:39:13-55
89
90            <!--
91                 Specifies an Android theme to apply to this Activity as soon as
92                 the Android process has started. This theme is visible to the user
93                 while the Flutter UI initializes. After that, this theme continues
94                 to determine the Window background behind the Flutter UI.
95            -->
96            <meta-data
96-->src\main\AndroidManifest.xml:44:13-46:56
97                android:name="io.flutter.embedding.android.NormalTheme"
97-->src\main\AndroidManifest.xml:45:17-72
98                android:resource="@style/NormalTheme" />
98-->src\main\AndroidManifest.xml:46:17-54
99            <meta-data
99-->src\main\AndroidManifest.xml:48:13-50:41
100                android:name="firebase_messaging_auto_init_enabled"
100-->src\main\AndroidManifest.xml:49:17-68
101                android:value="false" />
101-->src\main\AndroidManifest.xml:50:17-38
102            <meta-data
102-->src\main\AndroidManifest.xml:51:13-53:41
103                android:name="firebase_analytics_collection_enabled"
103-->src\main\AndroidManifest.xml:52:17-69
104                android:value="false" />
104-->src\main\AndroidManifest.xml:53:17-38
105
106            <intent-filter>
106-->src\main\AndroidManifest.xml:54:13-57:29
107                <action android:name="android.intent.action.MAIN" />
107-->src\main\AndroidManifest.xml:55:17-69
107-->src\main\AndroidManifest.xml:55:25-66
108
109                <category android:name="android.intent.category.LAUNCHER" />
109-->src\main\AndroidManifest.xml:56:17-77
109-->src\main\AndroidManifest.xml:56:27-74
110            </intent-filter>
111        </activity>
112        <!--
113             Don't delete the meta-data below.
114             This is used by the Flutter tool to generate GeneratedPluginRegistrant.java
115        -->
116        <meta-data
116-->src\main\AndroidManifest.xml:61:9-63:33
117            android:name="flutterEmbedding"
117-->src\main\AndroidManifest.xml:62:13-44
118            android:value="2" />
118-->src\main\AndroidManifest.xml:63:13-30
119
120        <!-- Admob Setup -->
121        <meta-data
121-->src\main\AndroidManifest.xml:69:9-71:70
122            android:name="com.google.android.gms.ads.APPLICATION_ID"
122-->src\main\AndroidManifest.xml:70:13-69
123            android:value="ca-app-pub-3940256099942544~3347511713" />
123-->src\main\AndroidManifest.xml:71:13-67
124
125        <service
125-->src\main\AndroidManifest.xml:74:9-80:19
126            android:name="com.dhina.dhina.java.MyFirebaseMessagingService"
126-->src\main\AndroidManifest.xml:75:13-60
127            android:exported="false" >
127-->src\main\AndroidManifest.xml:76:13-37
128            <intent-filter>
128-->src\main\AndroidManifest.xml:77:13-79:29
129                <action android:name="com.google.firebase.MESSAGING_EVENT" />
129-->src\main\AndroidManifest.xml:78:17-78
129-->src\main\AndroidManifest.xml:78:25-75
130            </intent-filter>
131        </service>
132        <service
132-->[:cloud_firestore] AndroidManifest.xml:8:9-12:19
133            android:name="com.google.firebase.components.ComponentDiscoveryService"
133-->[:cloud_firestore] AndroidManifest.xml:8:18-89
134            android:directBootAware="true"
134-->[com.google.firebase:firebase-common:21.0.0] AndroidManifest.xml:32:13-43
135            android:exported="false" >
135-->[com.google.firebase:firebase-auth:23.1.0] AndroidManifest.xml:68:13-37
136            <meta-data
136-->[:cloud_firestore] AndroidManifest.xml:9:13-11:85
137                android:name="com.google.firebase.components:io.flutter.plugins.firebase.firestore.FlutterFirebaseFirestoreRegistrar"
137-->[:cloud_firestore] AndroidManifest.xml:10:17-134
138                android:value="com.google.firebase.components.ComponentRegistrar" />
138-->[:cloud_firestore] AndroidManifest.xml:11:17-82
139            <meta-data
139-->[:firebase_analytics] AndroidManifest.xml:13:13-15:85
140                android:name="com.google.firebase.components:io.flutter.plugins.firebase.analytics.FlutterFirebaseAppRegistrar"
140-->[:firebase_analytics] AndroidManifest.xml:14:17-128
141                android:value="com.google.firebase.components.ComponentRegistrar" />
141-->[:firebase_analytics] AndroidManifest.xml:15:17-82
142            <meta-data
142-->[:firebase_auth] AndroidManifest.xml:9:13-11:85
143                android:name="com.google.firebase.components:io.flutter.plugins.firebase.auth.FlutterFirebaseAuthRegistrar"
143-->[:firebase_auth] AndroidManifest.xml:10:17-124
144                android:value="com.google.firebase.components.ComponentRegistrar" />
144-->[:firebase_auth] AndroidManifest.xml:11:17-82
145            <meta-data
145-->[:firebase_messaging] AndroidManifest.xml:36:13-38:85
146                android:name="com.google.firebase.components:io.flutter.plugins.firebase.messaging.FlutterFirebaseAppRegistrar"
146-->[:firebase_messaging] AndroidManifest.xml:37:17-128
147                android:value="com.google.firebase.components.ComponentRegistrar" />
147-->[:firebase_messaging] AndroidManifest.xml:38:17-82
148            <meta-data
148-->[:firebase_storage] AndroidManifest.xml:9:13-11:85
149                android:name="com.google.firebase.components:io.flutter.plugins.firebase.storage.FlutterFirebaseAppRegistrar"
149-->[:firebase_storage] AndroidManifest.xml:10:17-126
150                android:value="com.google.firebase.components.ComponentRegistrar" />
150-->[:firebase_storage] AndroidManifest.xml:11:17-82
151            <meta-data
151-->[:firebase_core] AndroidManifest.xml:9:13-11:85
152                android:name="com.google.firebase.components:io.flutter.plugins.firebase.core.FlutterFirebaseCoreRegistrar"
152-->[:firebase_core] AndroidManifest.xml:10:17-124
153                android:value="com.google.firebase.components.ComponentRegistrar" />
153-->[:firebase_core] AndroidManifest.xml:11:17-82
154            <meta-data
154-->[com.google.firebase:firebase-auth:23.1.0] AndroidManifest.xml:69:13-71:85
155                android:name="com.google.firebase.components:com.google.firebase.auth.FirebaseAuthRegistrar"
155-->[com.google.firebase:firebase-auth:23.1.0] AndroidManifest.xml:70:17-109
156                android:value="com.google.firebase.components.ComponentRegistrar" />
156-->[com.google.firebase:firebase-auth:23.1.0] AndroidManifest.xml:71:17-82
157            <meta-data
157-->[com.google.firebase:firebase-firestore:25.1.1] AndroidManifest.xml:17:13-19:85
158                android:name="com.google.firebase.components:com.google.firebase.firestore.FirebaseFirestoreKtxRegistrar"
158-->[com.google.firebase:firebase-firestore:25.1.1] AndroidManifest.xml:18:17-122
159                android:value="com.google.firebase.components.ComponentRegistrar" />
159-->[com.google.firebase:firebase-firestore:25.1.1] AndroidManifest.xml:19:17-82
160            <meta-data
160-->[com.google.firebase:firebase-firestore:25.1.1] AndroidManifest.xml:20:13-22:85
161                android:name="com.google.firebase.components:com.google.firebase.firestore.FirestoreRegistrar"
161-->[com.google.firebase:firebase-firestore:25.1.1] AndroidManifest.xml:21:17-111
162                android:value="com.google.firebase.components.ComponentRegistrar" />
162-->[com.google.firebase:firebase-firestore:25.1.1] AndroidManifest.xml:22:17-82
163            <meta-data
163-->[com.google.firebase:firebase-messaging:24.0.3] AndroidManifest.xml:57:13-59:85
164                android:name="com.google.firebase.components:com.google.firebase.messaging.FirebaseMessagingKtxRegistrar"
164-->[com.google.firebase:firebase-messaging:24.0.3] AndroidManifest.xml:58:17-122
165                android:value="com.google.firebase.components.ComponentRegistrar" />
165-->[com.google.firebase:firebase-messaging:24.0.3] AndroidManifest.xml:59:17-82
166            <meta-data
166-->[com.google.firebase:firebase-messaging:24.0.3] AndroidManifest.xml:60:13-62:85
167                android:name="com.google.firebase.components:com.google.firebase.messaging.FirebaseMessagingRegistrar"
167-->[com.google.firebase:firebase-messaging:24.0.3] AndroidManifest.xml:61:17-119
168                android:value="com.google.firebase.components.ComponentRegistrar" />
168-->[com.google.firebase:firebase-messaging:24.0.3] AndroidManifest.xml:62:17-82
169            <meta-data
169-->[com.google.firebase:firebase-storage:21.0.1] AndroidManifest.xml:30:13-32:85
170                android:name="com.google.firebase.components:com.google.firebase.storage.FirebaseStorageKtxRegistrar"
170-->[com.google.firebase:firebase-storage:21.0.1] AndroidManifest.xml:31:17-118
171                android:value="com.google.firebase.components.ComponentRegistrar" />
171-->[com.google.firebase:firebase-storage:21.0.1] AndroidManifest.xml:32:17-82
172            <meta-data
172-->[com.google.firebase:firebase-storage:21.0.1] AndroidManifest.xml:33:13-35:85
173                android:name="com.google.firebase.components:com.google.firebase.storage.StorageRegistrar"
173-->[com.google.firebase:firebase-storage:21.0.1] AndroidManifest.xml:34:17-107
174                android:value="com.google.firebase.components.ComponentRegistrar" />
174-->[com.google.firebase:firebase-storage:21.0.1] AndroidManifest.xml:35:17-82
175            <meta-data
175-->[com.google.android.gms:play-services-measurement-api:22.1.2] AndroidManifest.xml:37:13-39:85
176                android:name="com.google.firebase.components:com.google.firebase.analytics.connector.internal.AnalyticsConnectorRegistrar"
176-->[com.google.android.gms:play-services-measurement-api:22.1.2] AndroidManifest.xml:38:17-139
177                android:value="com.google.firebase.components.ComponentRegistrar" />
177-->[com.google.android.gms:play-services-measurement-api:22.1.2] AndroidManifest.xml:39:17-82
178            <meta-data
178-->[com.google.firebase:firebase-installations:18.0.0] AndroidManifest.xml:15:13-17:85
179                android:name="com.google.firebase.components:com.google.firebase.installations.FirebaseInstallationsKtxRegistrar"
179-->[com.google.firebase:firebase-installations:18.0.0] AndroidManifest.xml:16:17-130
180                android:value="com.google.firebase.components.ComponentRegistrar" />
180-->[com.google.firebase:firebase-installations:18.0.0] AndroidManifest.xml:17:17-82
181            <meta-data
181-->[com.google.firebase:firebase-installations:18.0.0] AndroidManifest.xml:18:13-20:85
182                android:name="com.google.firebase.components:com.google.firebase.installations.FirebaseInstallationsRegistrar"
182-->[com.google.firebase:firebase-installations:18.0.0] AndroidManifest.xml:19:17-127
183                android:value="com.google.firebase.components.ComponentRegistrar" />
183-->[com.google.firebase:firebase-installations:18.0.0] AndroidManifest.xml:20:17-82
184            <meta-data
184-->[com.google.firebase:firebase-appcheck:18.0.0] AndroidManifest.xml:25:13-27:85
185                android:name="com.google.firebase.components:com.google.firebase.appcheck.FirebaseAppCheckKtxRegistrar"
185-->[com.google.firebase:firebase-appcheck:18.0.0] AndroidManifest.xml:26:17-120
186                android:value="com.google.firebase.components.ComponentRegistrar" />
186-->[com.google.firebase:firebase-appcheck:18.0.0] AndroidManifest.xml:27:17-82
187            <meta-data
187-->[com.google.firebase:firebase-appcheck:18.0.0] AndroidManifest.xml:28:13-30:85
188                android:name="com.google.firebase.components:com.google.firebase.appcheck.FirebaseAppCheckRegistrar"
188-->[com.google.firebase:firebase-appcheck:18.0.0] AndroidManifest.xml:29:17-117
189                android:value="com.google.firebase.components.ComponentRegistrar" />
189-->[com.google.firebase:firebase-appcheck:18.0.0] AndroidManifest.xml:30:17-82
190            <meta-data
190-->[com.google.firebase:firebase-common-ktx:21.0.0] AndroidManifest.xml:12:13-14:85
191                android:name="com.google.firebase.components:com.google.firebase.ktx.FirebaseCommonLegacyRegistrar"
191-->[com.google.firebase:firebase-common-ktx:21.0.0] AndroidManifest.xml:13:17-116
192                android:value="com.google.firebase.components.ComponentRegistrar" />
192-->[com.google.firebase:firebase-common-ktx:21.0.0] AndroidManifest.xml:14:17-82
193            <meta-data
193-->[com.google.firebase:firebase-common:21.0.0] AndroidManifest.xml:35:13-37:85
194                android:name="com.google.firebase.components:com.google.firebase.FirebaseCommonKtxRegistrar"
194-->[com.google.firebase:firebase-common:21.0.0] AndroidManifest.xml:36:17-109
195                android:value="com.google.firebase.components.ComponentRegistrar" />
195-->[com.google.firebase:firebase-common:21.0.0] AndroidManifest.xml:37:17-82
196            <meta-data
196-->[com.google.firebase:firebase-datatransport:18.2.0] AndroidManifest.xml:25:13-27:85
197                android:name="com.google.firebase.components:com.google.firebase.datatransport.TransportRegistrar"
197-->[com.google.firebase:firebase-datatransport:18.2.0] AndroidManifest.xml:26:17-115
198                android:value="com.google.firebase.components.ComponentRegistrar" />
198-->[com.google.firebase:firebase-datatransport:18.2.0] AndroidManifest.xml:27:17-82
199        </service>
200        <service
200-->[:firebase_messaging] AndroidManifest.xml:14:9-17:72
201            android:name="io.flutter.plugins.firebase.messaging.FlutterFirebaseMessagingBackgroundService"
201-->[:firebase_messaging] AndroidManifest.xml:15:13-107
202            android:exported="false"
202-->[:firebase_messaging] AndroidManifest.xml:16:13-37
203            android:permission="android.permission.BIND_JOB_SERVICE" />
203-->[:firebase_messaging] AndroidManifest.xml:17:13-69
204        <service
204-->[:firebase_messaging] AndroidManifest.xml:18:9-24:19
205            android:name="io.flutter.plugins.firebase.messaging.FlutterFirebaseMessagingService"
205-->[:firebase_messaging] AndroidManifest.xml:19:13-97
206            android:exported="false" >
206-->[:firebase_messaging] AndroidManifest.xml:20:13-37
207            <intent-filter>
207-->src\main\AndroidManifest.xml:77:13-79:29
208                <action android:name="com.google.firebase.MESSAGING_EVENT" />
208-->src\main\AndroidManifest.xml:78:17-78
208-->src\main\AndroidManifest.xml:78:25-75
209            </intent-filter>
210        </service>
211
212        <receiver
212-->[:firebase_messaging] AndroidManifest.xml:26:9-33:20
213            android:name="io.flutter.plugins.firebase.messaging.FlutterFirebaseMessagingReceiver"
213-->[:firebase_messaging] AndroidManifest.xml:27:13-98
214            android:exported="true"
214-->[:firebase_messaging] AndroidManifest.xml:28:13-36
215            android:permission="com.google.android.c2dm.permission.SEND" >
215-->[:firebase_messaging] AndroidManifest.xml:29:13-73
216            <intent-filter>
216-->[:firebase_messaging] AndroidManifest.xml:30:13-32:29
217                <action android:name="com.google.android.c2dm.intent.RECEIVE" />
217-->[:firebase_messaging] AndroidManifest.xml:31:17-81
217-->[:firebase_messaging] AndroidManifest.xml:31:25-78
218            </intent-filter>
219        </receiver>
220
221        <provider
221-->[:firebase_messaging] AndroidManifest.xml:41:9-45:38
222            android:name="io.flutter.plugins.firebase.messaging.FlutterFirebaseMessagingInitProvider"
222-->[:firebase_messaging] AndroidManifest.xml:42:13-102
223            android:authorities="com.dhina.dhina.flutterfirebasemessaginginitprovider"
223-->[:firebase_messaging] AndroidManifest.xml:43:13-88
224            android:exported="false"
224-->[:firebase_messaging] AndroidManifest.xml:44:13-37
225            android:initOrder="99" />
225-->[:firebase_messaging] AndroidManifest.xml:45:13-35
226        <provider
226-->[:image_picker_android] AndroidManifest.xml:9:9-17:20
227            android:name="io.flutter.plugins.imagepicker.ImagePickerFileProvider"
227-->[:image_picker_android] AndroidManifest.xml:10:13-82
228            android:authorities="com.dhina.dhina.flutter.image_provider"
228-->[:image_picker_android] AndroidManifest.xml:11:13-74
229            android:exported="false"
229-->[:image_picker_android] AndroidManifest.xml:12:13-37
230            android:grantUriPermissions="true" >
230-->[:image_picker_android] AndroidManifest.xml:13:13-47
231            <meta-data
231-->[:image_picker_android] AndroidManifest.xml:14:13-16:75
232                android:name="android.support.FILE_PROVIDER_PATHS"
232-->[:image_picker_android] AndroidManifest.xml:15:17-67
233                android:resource="@xml/flutter_image_picker_file_paths" />
233-->[:image_picker_android] AndroidManifest.xml:16:17-72
234        </provider> <!-- Trigger Google Play services to install the backported photo picker module. -->
235        <service
235-->[:image_picker_android] AndroidManifest.xml:19:9-31:19
236            android:name="com.google.android.gms.metadata.ModuleDependencies"
236-->[:image_picker_android] AndroidManifest.xml:20:13-78
237            android:enabled="false"
237-->[:image_picker_android] AndroidManifest.xml:21:13-36
238            android:exported="false" >
238-->[:image_picker_android] AndroidManifest.xml:22:13-37
239            <intent-filter>
239-->[:image_picker_android] AndroidManifest.xml:24:13-26:29
240                <action android:name="com.google.android.gms.metadata.MODULE_DEPENDENCIES" />
240-->[:image_picker_android] AndroidManifest.xml:25:17-94
240-->[:image_picker_android] AndroidManifest.xml:25:25-91
241            </intent-filter>
242
243            <meta-data
243-->[:image_picker_android] AndroidManifest.xml:28:13-30:36
244                android:name="photopicker_activity:0:required"
244-->[:image_picker_android] AndroidManifest.xml:29:17-63
245                android:value="" />
245-->[:image_picker_android] AndroidManifest.xml:30:17-33
246        </service>
247        <!--
248           Declares a provider which allows us to store files to share in
249           '.../caches/share_plus' and grant the receiving action access
250        -->
251        <provider
251-->[:share_plus] AndroidManifest.xml:13:9-21:20
252            android:name="dev.fluttercommunity.plus.share.ShareFileProvider"
252-->[:share_plus] AndroidManifest.xml:14:13-77
253            android:authorities="com.dhina.dhina.flutter.share_provider"
253-->[:share_plus] AndroidManifest.xml:15:13-74
254            android:exported="false"
254-->[:share_plus] AndroidManifest.xml:16:13-37
255            android:grantUriPermissions="true" >
255-->[:share_plus] AndroidManifest.xml:17:13-47
256            <meta-data
256-->[:image_picker_android] AndroidManifest.xml:14:13-16:75
257                android:name="android.support.FILE_PROVIDER_PATHS"
257-->[:image_picker_android] AndroidManifest.xml:15:17-67
258                android:resource="@xml/flutter_share_file_paths" />
258-->[:image_picker_android] AndroidManifest.xml:16:17-72
259        </provider>
260        <!--
261           This manifest declared broadcast receiver allows us to use an explicit
262           Intent when creating a PendingItent to be informed of the user's choice
263        -->
264        <receiver
264-->[:share_plus] AndroidManifest.xml:26:9-32:20
265            android:name="dev.fluttercommunity.plus.share.SharePlusPendingIntent"
265-->[:share_plus] AndroidManifest.xml:27:13-82
266            android:exported="false" >
266-->[:share_plus] AndroidManifest.xml:28:13-37
267            <intent-filter>
267-->[:share_plus] AndroidManifest.xml:29:13-31:29
268                <action android:name="EXTRA_CHOSEN_COMPONENT" />
268-->[:share_plus] AndroidManifest.xml:30:17-65
268-->[:share_plus] AndroidManifest.xml:30:25-62
269            </intent-filter>
270        </receiver>
271
272        <activity
272-->[:url_launcher_android] AndroidManifest.xml:8:9-11:74
273            android:name="io.flutter.plugins.urllauncher.WebViewActivity"
273-->[:url_launcher_android] AndroidManifest.xml:9:13-74
274            android:exported="false"
274-->[:url_launcher_android] AndroidManifest.xml:10:13-37
275            android:theme="@android:style/Theme.NoTitleBar.Fullscreen" />
275-->[:url_launcher_android] AndroidManifest.xml:11:13-71
276
277        <meta-data
277-->[com.android.billingclient:billing:6.2.0] AndroidManifest.xml:19:9-21:37
278            android:name="com.google.android.play.billingclient.version"
278-->[com.android.billingclient:billing:6.2.0] AndroidManifest.xml:20:13-73
279            android:value="6.2.0" />
279-->[com.android.billingclient:billing:6.2.0] AndroidManifest.xml:21:13-34
280
281        <activity
281-->[com.android.billingclient:billing:6.2.0] AndroidManifest.xml:23:9-27:75
282            android:name="com.android.billingclient.api.ProxyBillingActivity"
282-->[com.android.billingclient:billing:6.2.0] AndroidManifest.xml:24:13-78
283            android:configChanges="keyboard|keyboardHidden|screenLayout|screenSize|orientation"
283-->[com.android.billingclient:billing:6.2.0] AndroidManifest.xml:25:13-96
284            android:exported="false"
284-->[com.android.billingclient:billing:6.2.0] AndroidManifest.xml:26:13-37
285            android:theme="@android:style/Theme.Translucent.NoTitleBar" />
285-->[com.android.billingclient:billing:6.2.0] AndroidManifest.xml:27:13-72
286        <activity
286-->[com.google.firebase:firebase-auth:23.1.0] AndroidManifest.xml:29:9-46:20
287            android:name="com.google.firebase.auth.internal.GenericIdpActivity"
287-->[com.google.firebase:firebase-auth:23.1.0] AndroidManifest.xml:30:13-80
288            android:excludeFromRecents="true"
288-->[com.google.firebase:firebase-auth:23.1.0] AndroidManifest.xml:31:13-46
289            android:exported="true"
289-->[com.google.firebase:firebase-auth:23.1.0] AndroidManifest.xml:32:13-36
290            android:launchMode="singleTask"